#
# A fatal error has been detected by the Java Runtime Environment:
#
#  EXCEPTION_ACCESS_VIOLATION (0xc0000005) at pc=0x000000006f0f9626, pid=8772, tid=9472
#
# JRE version: 7.0_11-b21
# Java VM: Java HotSpot(TM) 64-Bit Server VM (23.6-b04 mixed mode windows-amd64 compressed oops)
# Problematic frame:
# C  [libmwservices.dll+0x99626]
#
# Failed to write core dump. Minidumps are not enabled by default on client versions of Windows
#
# If you would like to submit a bug report, please visit:
#   http://bugreport.sun.com/bugreport/crash.jsp
# The crash happened outside the Java Virtual Machine in native code.
# See problematic frame for where to report the bug.
#

---------------  T H R E A D  ---------------

Current thread (0x0000000063600800):  JavaThread "pool-4-thread-1" [_thread_in_native, id=9472, stack(0x000000012c000000,0x0000000130000000)]

siginfo: ExceptionCode=0xc0000005, reading address 0x0000000000000040

Registers:
RAX=0x0000000000002500, RBX=0x000000012ffff468, RCX=0x0000000000000000, RDX=0x000000012ffff468
RSP=0x000000012ffff3c0, RBP=0x000000012ffff500, RSI=0x0000000000000000, RDI=0x0000000000000000
R8 =0x0000000000000000, R9 =0x0000000021f7ecb0, R10=0x00000000234c237c, R11=0x00000000665c2070
R12=0x0000000000000000, R13=0x00000000e115d9d0, R14=0x000000012ffff518, R15=0x0000000063600800
RIP=0x000000006f0f9626, EFLAGS=0x0000000000010206

Top of Stack: (sp=0x000000012ffff3c0)
0x000000012ffff3c0:   000000012ffff518 00000000e115d9d0
0x000000012ffff3d0:   0000000000000000 0000000063600800
0x000000012ffff3e0:   000000012ffff468 000000006f12645c
0x000000012ffff3f0:   0000000062bce8b8 0000000056521d90
0x000000012ffff400:   000000012ffff500 0000000000000000
0x000000012ffff410:   fffffffffffffffe 000000006f3aec80
0x000000012ffff420:   0000000063de6001 000000006647dc66
0x000000012ffff430:   00000000234b61f8 0000000056521dad
0x000000012ffff440:   000000012ffff468 0000000000000000
0x000000012ffff450:   00000000636009d8 00000000e05d5668
0x000000012ffff460:   fffffffffffffffe 00000000234c2235
0x000000012ffff470:   0000000062bce800 0000000063600800
0x000000012ffff480:   000000012ffff500 00000000234cd3e3
0x000000012ffff490:   00000000e115d9d0 00000000234c23a8
0x000000012ffff4a0:   000000012ffff5b8 000000012ffff570
0x000000012ffff4b0:   0000000063600800 000000012ffff570 

Instructions: (pc=0x000000006f0f9626)
0x000000006f0f9606:   8b 01 ff 90 90 00 00 00 48 8b c3 48 83 c4 20 5b
0x000000006f0f9616:   c3 cc cc cc cc cc cc cc cc cc 40 53 48 83 ec 20
0x000000006f0f9626:   48 8b 49 40 48 8b da c7 44 24 30 00 00 00 00 48
0x000000006f0f9636:   8b 01 ff 90 98 00 00 00 48 8b c3 48 83 c4 20 5b 


Register to memory mapping:

RAX=0x0000000000002500 is an unknown value
RBX=0x000000012ffff468 is pointing into the stack for thread: 0x0000000063600800
RCX=0x0000000000000000 is an unknown value
RDX=0x000000012ffff468 is pointing into the stack for thread: 0x0000000063600800
RSP=0x000000012ffff3c0 is pointing into the stack for thread: 0x0000000063600800
RBP=0x000000012ffff500 is pointing into the stack for thread: 0x0000000063600800
RSI=0x0000000000000000 is an unknown value
RDI=0x0000000000000000 is an unknown value
R8 =0x0000000000000000 is an unknown value
R9 =0x0000000021f7ecb0 is an unknown value
R10=0x00000000234c237c is an Interpreter codelet
method entry point (kind = native)  [0x00000000234c2100, 0x00000000234c2980]  2176 bytes
R11=0x00000000665c2070 is an unknown value
R12=0x0000000000000000 is an unknown value
R13=0x00000000e115d9d0 is an oop
{method} 
 - klass: {other class}
R14=0x000000012ffff518 is pointing into the stack for thread: 0x0000000063600800
R15=0x0000000063600800 is a thread


Stack: [0x000000012c000000,0x0000000130000000],  sp=0x000000012ffff3c0,  free space=65532k
Native frames: (J=compiled Java code, j=interpreted, Vv=VM code, C=native code)
C  [libmwservices.dll+0x99626]
j  com.mathworks.services.lmgr.NativeLmgr.getEntitlementId()Ljava/lang/String;+0
j  com.mathworks.webintegration.vrd.NativeLmgrLicenseAdapter.getEntitlementId()I+11
j  com.mathworks.vrd.license.ObservableLicense.getEntitlementId()I+4
j  com.mathworks.vrd.model.VRDModelImpl.validate(Lcom/mathworks/vrd/license/License;)I+25
j  com.mathworks.vrd.command.ValidateCommandInternal.sendValidateRequest(Lcom/mathworks/vrd/license/License;)Lcom/mathworks/vrd/command/ValidateStatus;+5
j  com.mathworks.vrd.command.ValidateCommandInternal.validate(Lcom/mathworks/vrd/license/License;)Lcom/mathworks/vrd/command/ValidateStatus;+83
j  com.mathworks.vrd.command.ValidateCommandImpl.validate(Lcom/mathworks/vrd/license/License;)Lcom/mathworks/vrd/command/ValidateStatus;+19
j  com.mathworks.webintegration.vrd.VRDController$ValidateCommandWorker.run()V+175
j  java.util.concurrent.ThreadPoolExecutor.runWorker(Ljava/util/concurrent/ThreadPoolExecutor$Worker;)V+46
j  java.util.concurrent.ThreadPoolExecutor$Worker.run()V+5
j  java.lang.Thread.run()V+11
v  ~StubRoutines::call_stub

Java frames: (J=compiled Java code, j=interpreted, Vv=VM code)
j  com.mathworks.services.lmgr.NativeLmgr.nativeGetEntitlementId()Ljava/lang/String;+0
j  com.mathworks.services.lmgr.NativeLmgr.getEntitlementId()Ljava/lang/String;+0
j  com.mathworks.webintegration.vrd.NativeLmgrLicenseAdapter.getEntitlementId()I+11
j  com.mathworks.vrd.license.ObservableLicense.getEntitlementId()I+4
j  com.mathworks.vrd.model.VRDModelImpl.validate(Lcom/mathworks/vrd/license/License;)I+25
j  com.mathworks.vrd.command.ValidateCommandInternal.sendValidateRequest(Lcom/mathworks/vrd/license/License;)Lcom/mathworks/vrd/command/ValidateStatus;+5
j  com.mathworks.vrd.command.ValidateCommandInternal.validate(Lcom/mathworks/vrd/license/License;)Lcom/mathworks/vrd/command/ValidateStatus;+83
j  com.mathworks.vrd.command.ValidateCommandImpl.validate(Lcom/mathworks/vrd/license/License;)Lcom/mathworks/vrd/command/ValidateStatus;+19
j  com.mathworks.webintegration.vrd.VRDController$ValidateCommandWorker.run()V+175
j  java.util.concurrent.ThreadPoolExecutor.runWorker(Ljava/util/concurrent/ThreadPoolExecutor$Worker;)V+46
j  java.util.concurrent.ThreadPoolExecutor$Worker.run()V+5
j  java.lang.Thread.run()V+11
v  ~StubRoutines::call_stub

---------------  P R O C E S S  ---------------

Java Threads: ( => current thread )
  0x0000000063601000 JavaThread "MultiThreadedHttpConnectionManager cleanup" daemon [_thread_blocked, id=9228, stack(0x000000010c000000,0x0000000110000000)]
  0x0000000063602800 JavaThread "pool-4-thread-3" [_thread_blocked, id=4452, stack(0x0000000138000000,0x000000013c000000)]
  0x0000000063602000 JavaThread "pool-4-thread-2" [_thread_blocked, id=6536, stack(0x0000000134000000,0x0000000138000000)]
=>0x0000000063600800 JavaThread "pool-4-thread-1" [_thread_in_native, id=9472, stack(0x000000012c000000,0x0000000130000000)]
  0x0000000055a78000 JavaThread "StartupClassLoader Timer" daemon [_thread_blocked, id=5196, stack(0x0000000128000000,0x000000012c000000)]
  0x0000000055a76800 JavaThread "PathAffordance path resolver" daemon [_thread_blocked, id=3764, stack(0x0000000120000000,0x0000000124000000)]
  0x0000000055a75800 JavaThread "PathAffordance path resolver" daemon [_thread_blocked, id=6004, stack(0x000000011c000000,0x0000000120000000)]
  0x0000000055a6c800 JavaThread "PathAffordance path resolver" daemon [_thread_in_native, id=8348, stack(0x0000000118000000,0x000000011c000000)]
  0x0000000055a72800 JavaThread "PathAffordance path resolver" daemon [_thread_in_native, id=7748, stack(0x0000000114000000,0x0000000118000000)]
  0x0000000055a73800 JavaThread "Swing-Shell" daemon [_thread_blocked, id=10280, stack(0x0000000110000000,0x0000000114000000)]
  0x0000000055a74000 JavaThread "FileDecorationCache request queue" daemon [_thread_blocked, id=10888, stack(0x00000000cbff0000,0x00000000cfff0000)]
  0x0000000055a6f800 JavaThread "Active Reference Queue Daemon" daemon [_thread_blocked, id=9164, stack(0x00000000dbff0000,0x00000000dfff0000)]
  0x0000000055a6f000 JavaThread "Timer-1" daemon [_thread_blocked, id=11004, stack(0x00000000d7ff0000,0x00000000dbff0000)]
  0x0000000055a6e000 JavaThread "ClipboardMonitor Timer" daemon [_thread_blocked, id=10972, stack(0x00000000d3ff0000,0x00000000d7ff0000)]
  0x0000000055a6d800 JavaThread "Explorer NavigationContext request queue" daemon [_thread_blocked, id=8908, stack(0x00000000cfff0000,0x00000000d3ff0000)]
  0x0000000055a6b800 JavaThread "AddressBar directory emptiness poller" daemon [_thread_blocked, id=6816, stack(0x00000000c7ff0000,0x00000000cbff0000)]
  0x0000000055a6a000 JavaThread "Explorer Refresh Service 1133358117" daemon [_thread_blocked, id=7796, stack(0x00000000c3ff0000,0x00000000c7ff0000)]
  0x0000000055a6b000 JavaThread "Image Fetcher 1" daemon [_thread_blocked, id=7316, stack(0x00000000bbff0000,0x00000000bfff0000)]
  0x0000000055a69800 JavaThread "TimerQueue" daemon [_thread_blocked, id=11052, stack(0x00000000b7ff0000,0x00000000bbff0000)]
  0x0000000055a68800 JavaThread "Thread-3" daemon [_thread_blocked, id=11088, stack(0x000000009fff0000,0x00000000a3ff0000)]
  0x0000000055574800 JavaThread "AWT-EventQueue-0" [_thread_blocked, id=10116, stack(0x000000009bff0000,0x000000009fff0000)]
  0x00000000551d1800 JavaThread "com.google.common.base.internal.Finalizer" daemon [_thread_blocked, id=10788, stack(0x0000000097ff0000,0x000000009bff0000)]
  0x00000000551c7000 JavaThread "Image Fetcher 0" daemon [_thread_blocked, id=5212, stack(0x0000000093ff0000,0x0000000097ff0000)]
  0x00000000551be000 JavaThread "AWT-Windows" daemon [_thread_in_native, id=8752, stack(0x000000008fff0000,0x0000000093ff0000)]
  0x00000000551bd800 JavaThread "AWT-Shutdown" [_thread_blocked, id=10080, stack(0x000000008bff0000,0x000000008fff0000)]
  0x00000000551ba800 JavaThread "Java2D Disposer" daemon [_thread_blocked, id=10020, stack(0x0000000087ff0000,0x000000008bff0000)]
  0x0000000021f97000 JavaThread "Timer-0" [_thread_blocked, id=6248, stack(0x0000000083ff0000,0x0000000087ff0000)]
  0x00000000233aa000 JavaThread "EventMgr Dispatcher" daemon [_thread_in_native, id=10900, stack(0x000000007fff0000,0x0000000083ff0000)]
  0x0000000022ed6000 JavaThread "Service Thread" daemon [_thread_blocked, id=7084, stack(0x000000005be10000,0x000000005fe10000)]
  0x0000000022ed2000 JavaThread "C2 CompilerThread1" daemon [_thread_blocked, id=9888, stack(0x0000000057e10000,0x000000005be10000)]
  0x0000000022ed0800 JavaThread "C2 CompilerThread0" daemon [_thread_blocked, id=3820, stack(0x0000000051010000,0x0000000055010000)]
  0x0000000022e70000 JavaThread "Attach Listener" daemon [_thread_blocked, id=7484, stack(0x000000004d010000,0x0000000051010000)]
  0x0000000022e5f000 JavaThread "Finalizer" daemon [_thread_blocked, id=5560, stack(0x0000000049010000,0x000000004d010000)]
  0x0000000022e59000 JavaThread "Reference Handler" daemon [_thread_blocked, id=10764, stack(0x0000000045010000,0x0000000049010000)]
  0x0000000021ee7800 JavaThread "main" [_thread_in_native, id=4360, stack(0x0000000000030000,0x0000000004030000)]

Other Threads:
  0x0000000022e4e800 VMThread [stack: 0x0000000041010000,0x0000000045010000] [id=9384]
  0x0000000022f1f800 WatcherThread [stack: 0x00000000773f0000,0x000000007b3f0000] [id=3772]

VM state:not at safepoint (normal execution)

VM Mutex/Monitor currently owned by a thread: None

Heap
 PSYoungGen      total 65792K, used 53044K [0x00000000fa000000, 0x0000000100000000, 0x0000000100000000)
  eden space 38272K, 79% used [0x00000000fa000000,0x00000000fbd90ff8,0x00000000fc560000)
  from space 27520K, 82% used [0x00000000fe520000,0x00000000ffb5c3e8,0x0000000100000000)
  to   space 30016K, 0% used [0x00000000fc560000,0x00000000fc560000,0x00000000fe2b0000)
 ParOldGen       total 54656K, used 34384K [0x00000000e8000000, 0x00000000eb560000, 0x00000000fa000000)
  object space 54656K, 62% used [0x00000000e8000000,0x00000000ea194120,0x00000000eb560000)
 PSPermGen       total 56064K, used 55961K [0x00000000e0000000, 0x00000000e36c0000, 0x00000000e8000000)
  object space 56064K, 99% used [0x00000000e0000000,0x00000000e36a6688,0x00000000e36c0000)

Card table byte_map: [0x00000000264b0000,0x00000000265c0000] byte_map_base: 0x0000000025db0000

Polling page: 0x00000000089f0000

Code Cache  [0x00000000234b0000, 0x00000000237a0000, 0x00000000264b0000)
 total_blobs=1656 nmethods=999 adapters=606 free_code_cache=46266Kb largest_free_block=47306816

Compilation events (10 events):
Event: 7.619 Thread 0x0000000022ed2000 1059   !         java.security.cert.Certificate::hashCode (34 bytes)
Event: 7.621 Thread 0x0000000022ed2000 nmethod 1059 0x0000000023779110 code [0x0000000023779260, 0x0000000023779448]
Event: 7.621 Thread 0x0000000022ed0800 1060             sun.security.provider.X509Factory::readOneBlock (419 bytes)
Event: 7.626 Thread 0x0000000022ed2000 1061             sun.security.util.ObjectIdentifier::check (78 bytes)
Event: 7.629 Thread 0x0000000022ed2000 nmethod 1061 0x0000000023778c50 code [0x0000000023778da0, 0x0000000023778ff8]
Event: 7.629 Thread 0x0000000022ed2000 1062             java.io.File::<init> (42 bytes)
Event: 7.634 Thread 0x0000000022ed2000 nmethod 1062 0x0000000023786590 code [0x0000000023786720, 0x0000000023786c30]
Event: 7.647 Thread 0x0000000022ed0800 nmethod 1060 0x000000002378ea10 code [0x000000002378ed00, 0x0000000023791268]
Event: 7.786 Thread 0x0000000022ed2000 1063             sun.misc.URLClassPath$Loader::getBaseURL (5 bytes)
Event: 7.786 Thread 0x0000000022ed2000 nmethod 1063 0x0000000023787550 code [0x0000000023787680, 0x00000000237876d8]

GC Heap History (10 events):
Event: 3.752 GC heap before
{Heap before GC invocations=15 (full 1):
 PSYoungGen      total 78848K, used 71635K [0x00000000fa000000, 0x0000000100000000, 0x0000000100000000)
  eden space 62400K, 100% used [0x00000000fa000000,0x00000000fdcf0000,0x00000000fdcf0000)
  from space 16448K, 56% used [0x00000000fdcf0000,0x00000000fe5f4d88,0x00000000fed00000)
  to   space 16256K, 0% used [0x00000000ff020000,0x00000000ff020000,0x0000000100000000)
 ParOldGen       total 54656K, used 20846K [0x00000000e8000000, 0x00000000eb560000, 0x00000000fa000000)
  object space 54656K, 38% used [0x00000000e8000000,0x00000000e945b878,0x00000000eb560000)
 PSPermGen       total 52224K, used 44615K [0x00000000e0000000, 0x00000000e3300000, 0x00000000e8000000)
  object space 52224K, 85% used [0x00000000e0000000,0x00000000e2b91f68,0x00000000e3300000)
Event: 3.766 GC heap after
Heap after GC invocations=15 (full 1):
 PSYoungGen      total 81792K, used 10148K [0x00000000fa000000, 0x00000000ffff0000, 0x0000000100000000)
  eden space 65600K, 0% used [0x00000000fa000000,0x00000000fa000000,0x00000000fe010000)
  from space 16192K, 62% used [0x00000000ff020000,0x00000000ffa09300,0x00000000ffff0000)
  to   space 16320K, 0% used [0x00000000fe010000,0x00000000fe010000,0x00000000ff000000)
 ParOldGen       total 54656K, used 20846K [0x00000000e8000000, 0x00000000eb560000, 0x00000000fa000000)
  object space 54656K, 38% used [0x00000000e8000000,0x00000000e945b878,0x00000000eb560000)
 PSPermGen       total 52224K, used 44615K [0x00000000e0000000, 0x00000000e3300000, 0x00000000e8000000)
  object space 52224K, 85% used [0x00000000e0000000,0x00000000e2b91f68,0x00000000e3300000)
}
Event: 5.238 GC heap before
{Heap before GC invocations=16 (full 1):
 PSYoungGen      total 81792K, used 74688K [0x00000000fa000000, 0x00000000ffff0000, 0x0000000100000000)
  eden space 65600K, 98% used [0x00000000fa000000,0x00000000fdf06d10,0x00000000fe010000)
  from space 16192K, 62% used [0x00000000ff020000,0x00000000ffa09300,0x00000000ffff0000)
  to   space 16320K, 0% used [0x00000000fe010000,0x00000000fe010000,0x00000000ff000000)
 ParOldGen       total 54656K, used 20846K [0x00000000e8000000, 0x00000000eb560000, 0x00000000fa000000)
  object space 54656K, 38% used [0x00000000e8000000,0x00000000e945b878,0x00000000eb560000)
 PSPermGen       total 52224K, used 45928K [0x00000000e0000000, 0x00000000e3300000, 0x00000000e8000000)
  object space 52224K, 87% used [0x00000000e0000000,0x00000000e2cda3c8,0x00000000e3300000)
Event: 5.248 GC heap after
Heap after GC invocations=16 (full 1):
 PSYoungGen      total 80192K, used 14538K [0x00000000fa000000, 0x0000000100000000, 0x0000000100000000)
  eden space 65600K, 0% used [0x00000000fa000000,0x00000000fa000000,0x00000000fe010000)
  from space 14592K, 99% used [0x00000000fe010000,0x00000000fee42820,0x00000000fee50000)
  to   space 17984K, 0% used [0x00000000fee70000,0x00000000fee70000,0x0000000100000000)
 ParOldGen       total 54656K, used 20854K [0x00000000e8000000, 0x00000000eb560000, 0x00000000fa000000)
  object space 54656K, 38% used [0x00000000e8000000,0x00000000e945d878,0x00000000eb560000)
 PSPermGen       total 52224K, used 45928K [0x00000000e0000000, 0x00000000e3300000, 0x00000000e8000000)
  object space 52224K, 87% used [0x00000000e0000000,0x00000000e2cda3c8,0x00000000e3300000)
}
Event: 5.973 GC heap before
{Heap before GC invocations=17 (full 1):
 PSYoungGen      total 80192K, used 80138K [0x00000000fa000000, 0x0000000100000000, 0x0000000100000000)
  eden space 65600K, 100% used [0x00000000fa000000,0x00000000fe010000,0x00000000fe010000)
  from space 14592K, 99% used [0x00000000fe010000,0x00000000fee42820,0x00000000fee50000)
  to   space 17984K, 0% used [0x00000000fee70000,0x00000000fee70000,0x0000000100000000)
 ParOldGen       total 54656K, used 20854K [0x00000000e8000000, 0x00000000eb560000, 0x00000000fa000000)
  object space 54656K, 38% used [0x00000000e8000000,0x00000000e945d878,0x00000000eb560000)
 PSPermGen       total 52224K, used 46739K [0x00000000e0000000, 0x00000000e3300000, 0x00000000e8000000)
  object space 52224K, 89% used [0x00000000e0000000,0x00000000e2da4e40,0x00000000e3300000)
Event: 5.985 GC heap after
Heap after GC invocations=17 (full 1):
 PSYoungGen      total 65216K, used 17976K [0x00000000fa000000, 0x0000000100000000, 0x0000000100000000)
  eden space 47232K, 0% used [0x00000000fa000000,0x00000000fa000000,0x00000000fce20000)
  from space 17984K, 99% used [0x00000000fee70000,0x00000000ffffe3e0,0x0000000100000000)
  to   space 25536K, 0% used [0x00000000fce20000,0x00000000fce20000,0x00000000fe710000)
 ParOldGen       total 54656K, used 34376K [0x00000000e8000000, 0x00000000eb560000, 0x00000000fa000000)
  object space 54656K, 62% used [0x00000000e8000000,0x00000000ea192120,0x00000000eb560000)
 PSPermGen       total 52224K, used 46739K [0x00000000e0000000, 0x00000000e3300000, 0x00000000e8000000)
  object space 52224K, 89% used [0x00000000e0000000,0x00000000e2da4e40,0x00000000e3300000)
}
Event: 7.047 GC heap before
{Heap before GC invocations=18 (full 1):
 PSYoungGen      total 65216K, used 65208K [0x00000000fa000000, 0x0000000100000000, 0x0000000100000000)
  eden space 47232K, 100% used [0x00000000fa000000,0x00000000fce20000,0x00000000fce20000)
  from space 17984K, 99% used [0x00000000fee70000,0x00000000ffffe3e0,0x0000000100000000)
  to   space 25536K, 0% used [0x00000000fce20000,0x00000000fce20000,0x00000000fe710000)
 ParOldGen       total 54656K, used 34376K [0x00000000e8000000, 0x00000000eb560000, 0x00000000fa000000)
  object space 54656K, 62% used [0x00000000e8000000,0x00000000ea192120,0x00000000eb560000)
 PSPermGen       total 52224K, used 47806K [0x00000000e0000000, 0x00000000e3300000, 0x00000000e8000000)
  object space 52224K, 91% used [0x00000000e0000000,0x00000000e2eafa00,0x00000000e3300000)
Event: 7.055 GC heap after
Heap after GC invocations=18 (full 1):
 PSYoungGen      total 67392K, used 20097K [0x00000000fa000000, 0x0000000100000000, 0x0000000100000000)
  eden space 47232K, 0% used [0x00000000fa000000,0x00000000fa000000,0x00000000fce20000)
  from space 20160K, 99% used [0x00000000fce20000,0x00000000fe1c0448,0x00000000fe1d0000)
  to   space 27520K, 0% used [0x00000000fe520000,0x00000000fe520000,0x0000000100000000)
 ParOldGen       total 54656K, used 34376K [0x00000000e8000000, 0x00000000eb560000, 0x00000000fa000000)
  object space 54656K, 62% used [0x00000000e8000000,0x00000000ea192120,0x00000000eb560000)
 PSPermGen       total 52224K, used 47806K [0x00000000e0000000, 0x00000000e3300000, 0x00000000e8000000)
  object space 52224K, 91% used [0x00000000e0000000,0x00000000e2eafa00,0x00000000e3300000)
}
Event: 7.260 GC heap before
{Heap before GC invocations=19 (full 1):
 PSYoungGen      total 67392K, used 67329K [0x00000000fa000000, 0x0000000100000000, 0x0000000100000000)
  eden space 47232K, 100% used [0x00000000fa000000,0x00000000fce20000,0x00000000fce20000)
  from space 20160K, 99% used [0x00000000fce20000,0x00000000fe1c0448,0x00000000fe1d0000)
  to   space 27520K, 0% used [0x00000000fe520000,0x00000000fe520000,0x0000000100000000)
 ParOldGen       total 54656K, used 34376K [0x00000000e8000000, 0x00000000eb560000, 0x00000000fa000000)
  object space 54656K, 62% used [0x00000000e8000000,0x00000000ea192120,0x00000000eb560000)
 PSPermGen       total 52224K, used 50991K [0x00000000e0000000, 0x00000000e3300000, 0x00000000e8000000)
  object space 52224K, 97% used [0x00000000e0000000,0x00000000e31cbc90,0x00000000e3300000)
Event: 7.268 GC heap after
Heap after GC invocations=19 (full 1):
 PSYoungGen      total 65792K, used 22768K [0x00000000fa000000, 0x0000000100000000, 0x0000000100000000)
  eden space 38272K, 0% used [0x00000000fa000000,0x00000000fa000000,0x00000000fc560000)
  from space 27520K, 82% used [0x00000000fe520000,0x00000000ffb5c3e8,0x0000000100000000)
  to   space 30016K, 0% used [0x00000000fc560000,0x00000000fc560000,0x00000000fe2b0000)
 ParOldGen       total 54656K, used 34384K [0x00000000e8000000, 0x00000000eb560000, 0x00000000fa000000)
  object space 54656K, 62% used [0x00000000e8000000,0x00000000ea194120,0x00000000eb560000)
 PSPermGen       total 52224K, used 50991K [0x00000000e0000000, 0x00000000e3300000, 0x00000000e8000000)
  object space 52224K, 97% used [0x00000000e0000000,0x00000000e31cbc90,0x00000000e3300000)
}

Deoptimization events (10 events):
Event: 7.518 Thread 0x0000000055574800 Uncommon trap -83 fr.pc 0x0000000023708bbc
Event: 7.535 Thread 0x0000000055574800 Uncommon trap -12 fr.pc 0x000000002359056c
Event: 7.559 Thread 0x0000000055574800 Uncommon trap -12 fr.pc 0x0000000023767004
Event: 7.591 Thread 0x0000000055574800 Uncommon trap -83 fr.pc 0x00000000235cd834
Event: 7.592 Thread 0x0000000055574800 Uncommon trap -12 fr.pc 0x0000000023741360
Event: 7.605 Thread 0x0000000063602800 Uncommon trap -34 fr.pc 0x00000000235e7e30
Event: 7.635 Thread 0x0000000063602800 Uncommon trap -34 fr.pc 0x00000000235e7e30
Event: 7.638 Thread 0x0000000063602800 Uncommon trap -34 fr.pc 0x00000000235e7e30
Event: 7.640 Thread 0x0000000063602800 Uncommon trap -34 fr.pc 0x00000000235e7e30
Event: 7.643 Thread 0x0000000063602800 Uncommon trap -83 fr.pc 0x00000000235e6528

Internal exceptions (10 events):
Event: 7.783 Thread 0x0000000063602800 Threw 0x00000000fbcb7a10 at C:\jdk7u1_64p\jdk7u11\hotspot\src\share\vm\prims\jvm.cpp:1166
Event: 7.783 Thread 0x0000000063602800 Threw 0x00000000fbce9a58 at C:\jdk7u1_64p\jdk7u11\hotspot\src\share\vm\prims\jvm.cpp:1166
Event: 7.783 Thread 0x0000000063602800 Threw 0x00000000fbcedae8 at C:\jdk7u1_64p\jdk7u11\hotspot\src\share\vm\prims\jvm.cpp:1166
Event: 7.784 Thread 0x0000000063602800 Threw 0x00000000fbcf13a0 at C:\jdk7u1_64p\jdk7u11\hotspot\src\share\vm\prims\jvm.cpp:1166
Event: 7.784 Thread 0x0000000063602800 Threw 0x00000000fbcf52b8 at C:\jdk7u1_64p\jdk7u11\hotspot\src\share\vm\prims\jvm.cpp:1166
Event: 7.784 Thread 0x0000000063602800 Threw 0x00000000fbcf93b0 at C:\jdk7u1_64p\jdk7u11\hotspot\src\share\vm\prims\jvm.cpp:1166
Event: 7.784 Thread 0x0000000063602800 Threw 0x00000000fbcfd2b8 at C:\jdk7u1_64p\jdk7u11\hotspot\src\share\vm\prims\jvm.cpp:1166
Event: 7.784 Thread 0x0000000063602800 Threw 0x00000000fbd014d0 at C:\jdk7u1_64p\jdk7u11\hotspot\src\share\vm\prims\jvm.cpp:1166
Event: 7.786 Thread 0x0000000063602000 Threw 0x00000000fbd1d440 at C:\jdk7u1_64p\jdk7u11\hotspot\src\share\vm\prims\jvm.cpp:1166
Event: 7.786 Thread 0x0000000063602000 Threw 0x00000000fbd35598 at C:\jdk7u1_64p\jdk7u11\hotspot\src\share\vm\prims\jvm.cpp:1166

Events (10 events):
Event: 7.784 loading class 0x0000000060de7290
Event: 7.784 loading class 0x0000000060de7290 done
Event: 7.784 loading class 0x000000006438e6e0
Event: 7.784 loading class 0x000000006438e6e0 done
Event: 7.786 loading class 0x0000000061b25880
Event: 7.786 loading class 0x0000000061b25880 done
Event: 7.786 loading class 0x0000000061b22ae0
Event: 7.786 loading class 0x0000000061b22ae0 done
Event: 7.786 Executing VM operation: RevokeBias
Event: 7.786 Executing VM operation: RevokeBias done


Dynamic libraries:
0x0000000140000000 - 0x0000000140029000 	C:\Program Files\MATLAB\R2013b\bin\win64\matlab.exe
0x0000000077210000 - 0x00000000773b9000 	C:\Windows\SYSTEM32\ntdll.dll
0x00000000770f0000 - 0x000000007720f000 	C:\Windows\system32\kernel32.dll
0x000007fefd290000 - 0x000007fefd2fb000 	C:\Windows\system32\KERNELBASE.dll
0x000000006f060000 - 0x000000006f3dc000 	C:\Program Files\MATLAB\R2013b\bin\win64\libmwservices.dll
0x000000006fe80000 - 0x000000006ff56000 	C:\Program Files\MATLAB\R2013b\bin\win64\libmwi18n.dll
0x000000006fe70000 - 0x000000006fe7d000 	C:\Program Files\MATLAB\R2013b\bin\win64\libmwresource_core.dll
0x00000000721d0000 - 0x0000000072268000 	C:\Program Files\MATLAB\R2013b\bin\win64\MSVCP100.dll
0x00000000720f0000 - 0x00000000721c2000 	C:\Program Files\MATLAB\R2013b\bin\win64\MSVCR100.dll
0x0000000072390000 - 0x000000007239e000 	C:\Program Files\MATLAB\R2013b\bin\win64\boost_date_time-vc100-mt-1_49.dll
0x0000000072360000 - 0x000000007238c000 	C:\Program Files\MATLAB\R2013b\bin\win64\boost_filesystem-vc100-mt-1_49.dll
0x0000000072350000 - 0x0000000072359000 	C:\Program Files\MATLAB\R2013b\bin\win64\boost_system-vc100-mt-1_49.dll
0x000007feff440000 - 0x000007feff51b000 	C:\Windows\system32\ADVAPI32.dll
0x000007fefdce0000 - 0x000007fefdd7f000 	C:\Windows\system32\msvcrt.dll
0x000007fefdca0000 - 0x000007fefdcbf000 	C:\Windows\SYSTEM32\sechost.dll
0x000007feff310000 - 0x000007feff43d000 	C:\Windows\system32\RPCRT4.dll
0x0000000072320000 - 0x0000000072345000 	C:\Program Files\MATLAB\R2013b\bin\win64\LIBEXPAT.dll
0x000000006b170000 - 0x000000006b2fa000 	C:\Program Files\MATLAB\R2013b\bin\win64\icuin49.dll
0x000000006a770000 - 0x000000006a8ae000 	C:\Program Files\MATLAB\R2013b\bin\win64\icuuc49.dll
0x0000000056ce0000 - 0x0000000057e02000 	C:\Program Files\MATLAB\R2013b\bin\win64\icudt49.dll
0x00000000720e0000 - 0x00000000720f0000 	C:\Program Files\MATLAB\R2013b\bin\win64\icuio49.dll
0x0000000004210000 - 0x00000000042cb000 	C:\Program Files\MATLAB\R2013b\bin\win64\libut.dll
0x000000006f960000 - 0x000000006fb07000 	C:\Program Files\MATLAB\R2013b\bin\win64\libmwfl.dll
0x00000000042d0000 - 0x00000000046df000 	C:\Program Files\MATLAB\R2013b\bin\win64\libmwMATLAB_res.dll
0x0000000071e20000 - 0x0000000071eff000 	C:\Program Files\MATLAB\R2013b\bin\win64\boost_regex-vc100-mt-1_49.dll
0x0000000076ff0000 - 0x00000000770ea000 	C:\Windows\system32\USER32.dll
0x000007fefd920000 - 0x000007fefd987000 	C:\Windows\system32\GDI32.dll
0x000007feff280000 - 0x000007feff28e000 	C:\Windows\system32\LPK.dll
0x000007fefdbd0000 - 0x000007fefdc99000 	C:\Windows\system32\USP10.dll
0x00000000720c0000 - 0x00000000720d1000 	C:\Program Files\MATLAB\R2013b\bin\win64\boost_signals-vc100-mt-1_49.dll
0x00000000720a0000 - 0x00000000720b1000 	C:\Program Files\MATLAB\R2013b\bin\win64\boost_thread-vc100-mt-1_49.dll
0x0000000072010000 - 0x000000007209c000 	C:\Program Files\MATLAB\R2013b\bin\win64\boost_log-vc100-mt-1_49.dll
0x00000000773e0000 - 0x00000000773e7000 	C:\Windows\system32\PSAPI.DLL
0x000007fefd8d0000 - 0x000007fefd91d000 	C:\Windows\system32\WS2_32.dll
0x000007fefd3f0000 - 0x000007fefd3f8000 	C:\Windows\system32\NSI.dll
0x000007fef2730000 - 0x000007fef2763000 	C:\Program Files\MATLAB\R2013b\bin\win64\tbb.dll
0x000007fefdcc0000 - 0x000007fefdcd9000 	C:\Windows\system32\imagehlp.dll
0x000007fefb7e0000 - 0x000007fefb80c000 	C:\Windows\system32\POWRPROF.dll
0x000007fefde80000 - 0x000007fefe057000 	C:\Windows\system32\SETUPAPI.dll
0x000007fefd070000 - 0x000007fefd0a6000 	C:\Windows\system32\CFGMGR32.dll
0x000007fefdaf0000 - 0x000007fefdbc7000 	C:\Windows\system32\OLEAUT32.dll
0x000007fefd640000 - 0x000007fefd843000 	C:\Windows\system32\ole32.dll
0x000007fefd300000 - 0x000007fefd31a000 	C:\Windows\system32\DEVOBJ.dll
0x00000000046e0000 - 0x00000000047db000 	C:\Program Files\MATLAB\R2013b\bin\win64\libmx.dll
0x000007fef25e0000 - 0x000007fef2608000 	C:\Program Files\MATLAB\R2013b\bin\win64\tbbmalloc.dll
0x0000000071e00000 - 0x0000000071e17000 	C:\Program Files\MATLAB\R2013b\bin\win64\zlib1.dll
0x000000006ef00000 - 0x000000006ef4e000 	C:\Program Files\MATLAB\R2013b\bin\win64\libmwregexp.dll
0x000000006eeb0000 - 0x000000006eef7000 	C:\Program Files\MATLAB\R2013b\bin\win64\mpath.dll
0x00000000047e0000 - 0x0000000004e08000 	C:\Program Files\MATLAB\R2013b\bin\win64\mlutil.dll
0x000000006e870000 - 0x000000006e8e7000 	C:\Program Files\MATLAB\R2013b\bin\win64\xmlcore.dll
0x000000006a520000 - 0x000000006a761000 	C:\Program Files\MATLAB\R2013b\bin\win64\xerces-c_2_7.dll
0x000000006e5f0000 - 0x000000006e613000 	C:\Program Files\MATLAB\R2013b\bin\win64\libmwMATLAB_settings_res.dll
0x0000000071df0000 - 0x0000000071e00000 	C:\Program Files\MATLAB\R2013b\bin\win64\boost_iostreams-vc100-mt-1_49.dll
0x0000000071d20000 - 0x0000000071d66000 	C:\Program Files\MATLAB\R2013b\bin\win64\boost_serialization-vc100-mt-1_49.dll
0x000007fefe4f0000 - 0x000007feff278000 	C:\Windows\system32\SHELL32.dll
0x000007feff290000 - 0x000007feff301000 	C:\Windows\system32\SHLWAPI.dll
0x000000006e580000 - 0x000000006e586000 	C:\Program Files\MATLAB\R2013b\bin\win64\libmwnativedisplay.dll
0x00000000685f0000 - 0x000000006863d000 	C:\Program Files\MATLAB\R2013b\bin\win64\opccore.dll
0x00000000684f0000 - 0x00000000685c6000 	C:\Program Files\MATLAB\R2013b\bin\win64\opcmodel.dll
0x00000000684c0000 - 0x00000000684ed000 	C:\Program Files\MATLAB\R2013b\bin\win64\opczippackage.dll
0x0000000071dc0000 - 0x0000000071dce000 	C:\Program Files\MATLAB\R2013b\bin\win64\libminizip.dll
0x0000000068340000 - 0x00000000683a6000 	C:\Program Files\MATLAB\R2013b\bin\win64\opcmwservices.dll
0x000007fef67f0000 - 0x000007fef6890000 	C:\Windows\WinSxS\amd64_microsoft.windows.common-controls_6595b64144ccf1df_5.82.7601.18201_none_a4d3b9377117c3df\COMCTL32.dll
0x000007fefdde0000 - 0x000007fefde77000 	C:\Windows\system32\COMDLG32.dll
0x000007fefa140000 - 0x000007fefa156000 	C:\Windows\system32\NETAPI32.dll
0x000007fefa130000 - 0x000007fefa13c000 	C:\Windows\system32\netutils.dll
0x000007fefcb10000 - 0x000007fefcb33000 	C:\Windows\system32\srvcli.dll
0x000007fefa110000 - 0x000007fefa125000 	C:\Windows\system32\wkscli.dll
0x000000006e4d0000 - 0x000000006e57d000 	C:\Program Files\MATLAB\R2013b\bin\win64\mcr.dll
0x000000006e110000 - 0x000000006e4d0000 	C:\Program Files\MATLAB\R2013b\bin\win64\iqm.dll
0x0000000180000000 - 0x00000001800c2000 	C:\Program Files\MATLAB\R2013b\bin\win64\m_dispatcher.dll
0x0000000004e10000 - 0x000000000560b000 	C:\Program Files\MATLAB\R2013b\bin\win64\m_interpreter.dll
0x000000006d760000 - 0x000000006d784000 	C:\Program Files\MATLAB\R2013b\bin\win64\libmex.dll
0x000000006d6e0000 - 0x000000006d75b000 	C:\Program Files\MATLAB\R2013b\bin\win64\profiler.dll
0x000000006d450000 - 0x000000006d5c8000 	C:\Program Files\MATLAB\R2013b\bin\win64\libmwmathutil.dll
0x000000006d420000 - 0x000000006d447000 	C:\Program Files\MATLAB\R2013b\bin\win64\libmwmathrng.dll
0x000000006d410000 - 0x000000006d420000 	C:\Program Files\MATLAB\R2013b\bin\win64\libmwmfl_rng.dll
0x0000000005610000 - 0x0000000005728000 	C:\Program Files\MATLAB\R2013b\bin\win64\libmwmathcore.dll
0x000000006d2b0000 - 0x000000006d313000 	C:\Program Files\MATLAB\R2013b\bin\win64\libmwspmatrix.dll
0x0000000005730000 - 0x0000000005992000 	C:\Program Files\MATLAB\R2013b\bin\win64\mcos.dll
0x000000006cfc0000 - 0x000000006d01c000 	C:\Program Files\MATLAB\R2013b\bin\win64\libmwcholmod.dll
0x000000006cfb0000 - 0x000000006cfbc000 	C:\Program Files\MATLAB\R2013b\bin\win64\libmwamd.dll
0x000000006cfa0000 - 0x000000006cfab000 	C:\Program Files\MATLAB\R2013b\bin\win64\libmwcolamd.dll
0x000000006cf80000 - 0x000000006cf93000 	C:\Program Files\MATLAB\R2013b\bin\win64\libmwblas.dll
0x000000006cf60000 - 0x000000006cf75000 	C:\Program Files\MATLAB\R2013b\bin\win64\libmwbinder.dll
0x000000006cf50000 - 0x000000006cf5b000 	C:\Program Files\MATLAB\R2013b\bin\win64\libmwompwrapper.dll
0x000000006ced0000 - 0x000000006cf4f000 	C:\Program Files\MATLAB\R2013b\bin\win64\libmwlapack.dll
0x000000006ceb0000 - 0x000000006ced0000 	C:\Program Files\MATLAB\R2013b\bin\win64\m_pcodeio.dll
0x000000006ce50000 - 0x000000006ceac000 	C:\Program Files\MATLAB\R2013b\bin\win64\m_ir.dll
0x00000000059a0000 - 0x0000000006055000 	C:\Program Files\MATLAB\R2013b\bin\win64\m_parser.dll
0x000000006c780000 - 0x000000006c797000 	C:\Program Files\MATLAB\R2013b\bin\win64\ir_xfmr.dll
0x000000006c770000 - 0x000000006c780000 	C:\Program Files\MATLAB\R2013b\bin\win64\mtok.dll
0x000000006c740000 - 0x000000006c768000 	C:\Program Files\MATLAB\R2013b\bin\win64\m_pcodegen.dll
0x000007fefa9b0000 - 0x000007fefaad5000 	C:\Windows\system32\dbghelp.dll
0x000000006c710000 - 0x000000006c73f000 	C:\Program Files\MATLAB\R2013b\bin\win64\libmwbridge.dll
0x000000006c650000 - 0x000000006c706000 	C:\Program Files\MATLAB\R2013b\bin\win64\udd.dll
0x0000000006060000 - 0x00000000061b1000 	C:\Program Files\MATLAB\R2013b\bin\win64\libmwgui.dll
0x000000006c4d0000 - 0x000000006c4f8000 	C:\Program Files\MATLAB\R2013b\bin\win64\graphics_util.dll
0x000000006a460000 - 0x000000006a518000 	C:\Program Files\MATLAB\R2013b\bin\win64\libtex_base.dll
0x000000006bac0000 - 0x000000006c426000 	C:\Program Files\MATLAB\R2013b\bin\win64\hg.dll
0x000000006ba60000 - 0x000000006babd000 	C:\Program Files\MATLAB\R2013b\bin\win64\libmat.dll
0x000000006b850000 - 0x000000006ba58000 	C:\Program Files\MATLAB\R2013b\bin\win64\hdf5dll.dll
0x000000006b780000 - 0x000000006b848000 	C:\Program Files\MATLAB\R2013b\bin\win64\jmi.dll
0x000000006b770000 - 0x000000006b77e000 	C:\Program Files\MATLAB\R2013b\bin\win64\nativejava_services.dll
0x00000000061d0000 - 0x0000000006212000 	C:\Program Files\MATLAB\R2013b\bin\win64\libmwhardcopy.dll
0x000000006b6d0000 - 0x000000006b72e000 	C:\Program Files\MATLAB\R2013b\bin\win64\libuij.dll
0x000000006b490000 - 0x000000006b695000 	C:\Program Files\MATLAB\R2013b\bin\win64\hgdatatypes.dll
0x0000000006220000 - 0x0000000006332000 	C:\Program Files\MATLAB\R2013b\bin\win64\hgutils.dll
0x0000000006340000 - 0x00000000063ee000 	C:\Program Files\MATLAB\R2013b\bin\win64\udd_mi.dll
0x00000000063f0000 - 0x0000000006426000 	C:\Program Files\MATLAB\R2013b\bin\win64\libmwgbtutils.dll
0x0000000006430000 - 0x0000000006443000 	C:\Program Files\MATLAB\R2013b\bin\win64\libmwgbt.dll
0x0000000006450000 - 0x000000000671f000 	C:\Program Files\MATLAB\R2013b\bin\win64\uiw.dll
0x000000006afb0000 - 0x000000006afb9000 	C:\Program Files\MATLAB\R2013b\bin\win64\uinone.dll
0x000000006af80000 - 0x000000006afac000 	C:\Program Files\MATLAB\R2013b\bin\win64\libmwnativedialogs.dll
0x000000006af70000 - 0x000000006af7c000 	C:\Program Files\MATLAB\R2013b\bin\win64\libmwplatform_res.dll
0x000007fef9ed0000 - 0x000007fef9ee8000 	C:\Windows\system32\MPR.dll
0x0000000069f00000 - 0x000000006a45d000 	C:\Program Files\MATLAB\R2013b\bin\win64\mfc100.dll
0x000007fefc8d0000 - 0x000007fefc8d7000 	C:\Windows\system32\MSIMG32.dll
0x000007fefa210000 - 0x000007fefa281000 	C:\Windows\system32\WINSPOOL.DRV
0x000000006af50000 - 0x000000006af6d000 	C:\Program Files\MATLAB\R2013b\bin\win64\mwoles05.DLL
0x000000006aee0000 - 0x000000006af4c000 	C:\Program Files\MATLAB\R2013b\bin\win64\comcli.dll
0x000000006d8f0000 - 0x000000006d91b000 	C:\Program Files\MATLAB\R2013b\bin\win64\ATL100.DLL
0x000000006aed0000 - 0x000000006aedc000 	C:\Program Files\MATLAB\R2013b\bin\win64\mlautoregister.dll
0x0000000006730000 - 0x000000000689f000 	C:\Program Files\MATLAB\R2013b\bin\win64\mvm.dll
0x000007fefe060000 - 0x000007fefe08e000 	C:\Windows\system32\IMM32.DLL
0x000007fefe3e0000 - 0x000007fefe4e9000 	C:\Windows\system32\MSCTF.dll
0x000007fefb480000 - 0x000007fefb4d6000 	C:\Windows\system32\UxTheme.dll
0x000007fefb3d0000 - 0x000007fefb3e8000 	C:\Windows\system32\dwmapi.dll

VM Arguments:
jvm_args: -XX:PermSize=32m -Xms64m -XX:NewRatio=3 -XX:MaxPermSize=128m -Xmx384m -XX:MaxDirectMemorySize=2147400000 -Dsun.java2d.noddraw=true -Dsun.awt.nopixfmt=true -Xshare:off -Xrs -XX:-UseSplitVerifier -Djava.library.path=C:\Program Files\MATLAB\R2013b\bin\win64;C:\Program Files\MATLAB\R2013b\sys\jxbrowser\win64\lib vfprintf abort -Duser.language=en -Duser.country=US -XX:ParallelGCThreads=6 
java_command: <unknown>
Launcher Type: generic

Environment Variables:
CLASSPATH=.;C:\Program Files (x86)\QuickTime\QTSystem\QTJava.zip
USERNAME=lab
OS=Windows_NT
PROCESSOR_IDENTIFIER=Intel64 Family 6 Model 58 Stepping 9, GenuineIntel



---------------  S Y S T E M  ---------------

OS: Windows 7 , 64 bit Build 7601 Service Pack 1

CPU:total 8 (4 cores per cpu, 2 threads per core) family 6 model 58 stepping 9, cmov, cx8, fxsr, mmx, sse, sse2, sse3, ssse3, sse4.1, sse4.2, popcnt, avx, ht, tsc, tscinvbit, tscinv

Memory: 4k page, physical 16720080k(13650692k free), swap 33438296k(29964312k free)

vm_info: Java HotSpot(TM) 64-Bit Server VM (23.6-b04) for windows-amd64 JRE (1.7.0_11-b21), built on Jan 12 2013 02:38:42 by "java_re" with unknown MS VC++:1600

time: Mon Mar 31 20:19:40 2014
elapsed time: 7 seconds

